2024-12-02 16:36:51,414 meirirenwu.py[line:69] [xingyue123a:149] INFO 当前将魂已经购买10次
2024-12-02 16:36:51,515 meirirenwu.py[line:69] [xingyue123a:149] INFO 当前一骑当千已经购买3次
2024-12-02 16:36:51,519 meirirenwu.py[line:69] [gmhy001:146] INFO 当前将魂已经购买10次
2024-12-02 16:36:51,588 meirirenwu.py[line:69] [xingyue123a:146] INFO 当前将魂已经购买10次
2024-12-02 16:36:51,589 meirirenwu.py[line:69] [gmhy001:145] INFO 当前将魂已经购买10次
2024-12-02 16:36:51,589 meirirenwu.py[line:69] [pock520:148] INFO 当前将魂已经购买10次
2024-12-02 16:36:51,631 meirirenwu.py[line:69] [gmhy001:146] INFO 当前一骑当千已经购买3次
2024-12-02 16:36:51,664 meirirenwu.py[line:69] [xingyue123a:149] INFO 当前选择为金洞
2024-12-02 16:36:51,750 meirirenwu.py[line:69] [xingyue123a:149] INFO 当前金银洞扫荡次数2
2024-12-02 16:36:51,759 meirirenwu.py[line:69] [xingyue123a:146] INFO 当前一骑当千已经购买3次
2024-12-02 16:36:51,759 meirirenwu.py[line:69] [gmhy001:145] INFO 当前一骑当千已经购买3次
2024-12-02 16:36:51,759 meirirenwu.py[line:69] [pock520:148] INFO 当前一骑当千已经购买3次
2024-12-02 16:36:51,780 meirirenwu.py[line:69] [gmhy001:146] INFO 当前选择为金洞
2024-12-02 16:36:51,871 meirirenwu.py[line:69] [gmhy001:146] INFO 当前金银洞扫荡次数2
2024-12-02 16:36:51,963 meirirenwu.py[line:69] [xingyue123a:146] INFO 当前选择为金洞
2024-12-02 16:36:51,967 meirirenwu.py[line:69] [pock520:148] INFO 当前选择为金洞
2024-12-02 16:36:51,971 meirirenwu.py[line:69] [gmhy001:145] INFO 当前选择为金洞
2024-12-02 16:36:52,022 meirirenwu.py[line:69] [xingyue123a:146] INFO 当前金银洞扫荡次数2
2024-12-02 16:36:52,045 meirirenwu.py[line:69] [pock520:148] INFO 当前金银洞扫荡次数2
2024-12-02 16:36:52,055 meirirenwu.py[line:69] [gmhy001:145] INFO 当前金银洞扫荡次数2
2024-12-02 16:36:52,150 meirirenwu.py[line:69] [xingyue123a:149] INFO 今天金银洞已经扫荡了2次不在攻打
2024-12-02 16:36:52,230 meirirenwu.py[line:69] [gmhy001:146] INFO 今天金银洞已经扫荡了2次不在攻打
2024-12-02 16:36:52,301 meirirenwu.py[line:69] [xingyue123a:149] INFO 扫荡普通副本
2024-12-02 16:36:52,345 meirirenwu.py[line:69] [xingyue123a:146] INFO 今天金银洞已经扫荡了2次不在攻打
2024-12-02 16:36:52,346 meirirenwu.py[line:69] [pock520:148] INFO 今天金银洞已经扫荡了2次不在攻打
2024-12-02 16:36:52,364 meirirenwu.py[line:69] [xingyue123a:149] INFO 扫荡困难副本
2024-12-02 16:36:52,446 meirirenwu.py[line:69] [xingyue123a:149] INFO 扫荡英雄副本
2024-12-02 16:36:52,448 meirirenwu.py[line:69] [gmhy001:145] INFO 今天金银洞已经扫荡了2次不在攻打
2024-12-02 16:36:52,494 meirirenwu.py[line:69] [xingyue123a:146] INFO 扫荡普通副本
2024-12-02 16:36:52,532 meirirenwu.py[line:69] [xingyue123a:149] INFO 国家摇色子
2024-12-02 16:36:52,532 meirirenwu.py[line:69] [pock520:148] INFO 扫荡普通副本
2024-12-02 16:36:52,553 meirirenwu.py[line:69] [xingyue123a:146] INFO 扫荡困难副本
2024-12-02 16:36:52,611 meirirenwu.py[line:69] [pock520:148] INFO 扫荡困难副本
2024-12-02 16:36:52,621 meirirenwu.py[line:69] [gmhy001:145] INFO 扫荡普通副本
2024-12-02 16:36:52,642 meirirenwu.py[line:69] [xingyue123a:146] INFO 扫荡英雄副本
2024-12-02 16:36:52,690 meirirenwu.py[line:69] [pock520:148] INFO 扫荡英雄副本
2024-12-02 16:36:52,690 meirirenwu.py[line:69] [gmhy001:145] INFO 扫荡困难副本
2024-12-02 16:36:52,710 meirirenwu.py[line:69] [xingyue123a:146] INFO 国家摇色子
2024-12-02 16:36:52,765 meirirenwu.py[line:69] [pock520:148] INFO 国家摇色子
2024-12-02 16:36:52,766 meirirenwu.py[line:69] [gmhy001:145] INFO 扫荡英雄副本
2024-12-02 16:36:52,865 meirirenwu.py[line:69] [gmhy001:145] INFO 国家摇色子
2024-12-02 16:36:54,073 meirirenwu.py[line:69] [pock520:148] INFO 拼图任务完成
2024-12-02 16:36:54,073 meirirenwu.py[line:69] [xingyue123a:146] INFO 拼图任务完成
2024-12-02 16:36:54,082 meirirenwu.py[line:69] [xingyue123a:149] INFO 拼图任务完成
2024-12-02 16:36:54,121 meirirenwu.py[line:69] [gmhy001:146] INFO 扫荡普通副本
2024-12-02 16:36:54,154 meirirenwu.py[line:75] [xingyue123a:146] ERROR 您的等级不足190级
2024-12-02 16:36:54,155 meirirenwu.py[line:75] [xingyue123a:149] ERROR 您的等级不足190级
2024-12-02 16:36:54,155 meirirenwu.py[line:75] [pock520:148] ERROR 您的等级不足190级
2024-12-02 16:36:54,207 meirirenwu.py[line:69] [gmhy001:145] INFO 拼图任务完成
2024-12-02 16:36:54,255 meirirenwu.py[line:75] [xingyue123a:149] ERROR None
2024-12-02 16:36:54,256 meirirenwu.py[line:69] [gmhy001:146] INFO 扫荡困难副本
2024-12-02 16:36:54,259 meirirenwu.py[line:75] [gmhy001:145] ERROR 您的等级不足190级
2024-12-02 16:36:54,326 meirirenwu.py[line:75] [gmhy001:145] ERROR None
2024-12-02 16:36:54,391 meirirenwu.py[line:69] [gmhy001:146] INFO 扫荡英雄副本
2024-12-02 16:36:54,446 meirirenwu.py[line:75] [pock520:148] ERROR None
2024-12-02 16:36:54,513 meirirenwu.py[line:69] [gmhy001:146] INFO 国家摇色子
2024-12-02 16:36:55,733 meirirenwu.py[line:69] [gmhy001:146] INFO gmhy001拥有藏宝图1 个
2024-12-02 16:36:55,733 meirirenwu.py[line:69] [gmhy001:146] INFO 已经组队
2024-12-02 16:36:55,786 meirirenwu.py[line:75] [gmhy001:146] ERROR 您的等级不足190级
2024-12-02 16:36:55,849 meirirenwu.py[line:75] [gmhy001:146] ERROR None
