2024-11-19 15:10:12,512 hjsg.py[line:71] [pock520:147] INFO ç‰å…”è¿æ˜¥
2024-11-19 15:10:12,575 hjsg.py[line:71] [pock520:147] INFO æ–°æ˜¥ç¥ç¦
2024-11-19 15:10:12,630 hjsg.py[line:77] [pock520:147] ERROR ç‰å…”è¿æ˜¥ç­¾åˆ°å¼‚å¸¸Traceback (most recent call last):
  File "D:\pytest\hjsg\huodong\meirihuodong.py", line 93, in action_auto_jaderabbit_receivespringt
    self.auto_receive_blessing_reward()
  File "D:\pytest\hjsg\huodong\meirihuodong.py", line 84, in auto_receive_blessing_reward
    if blessing_index['reward_list']['0'] ==1:
TypeError: list indices must be integers, not str

2024-11-19 15:10:12,707 hjsg.py[line:71] [pock520:148] INFO ç‰å…”è¿æ˜¥
2024-11-19 15:10:12,852 hjsg.py[line:77] [pock520:148] ERROR ä¸èƒ½é‡å¤é¢†å–!
2024-11-19 15:10:12,854 hjsg.py[line:71] [pock520:148] INFO æ–°æ˜¥ç¥ç¦
2024-11-19 15:10:12,930 hjsg.py[line:77] [pock520:148] ERROR ç‰å…”è¿æ˜¥ç­¾åˆ°å¼‚å¸¸Traceback (most recent call last):
  File "D:\pytest\hjsg\huodong\meirihuodong.py", line 93, in action_auto_jaderabbit_receivespringt
    self.auto_receive_blessing_reward()
  File "D:\pytest\hjsg\huodong\meirihuodong.py", line 84, in auto_receive_blessing_reward
    if blessing_index['reward_list']['0'] ==1:
TypeError: list indices must be integers, not str

2024-11-19 15:10:13,586 hjsg.py[line:71] [zhaofei3:148] INFO ç‰å…”è¿æ˜¥
2024-11-19 15:10:13,645 hjsg.py[line:71] [zhaofei3:148] INFO æ–°æ˜¥ç¥ç¦
2024-11-19 15:10:13,700 hjsg.py[line:77] [zhaofei3:148] ERROR ç‰å…”è¿æ˜¥ç­¾åˆ°å¼‚å¸¸Traceback (most recent call last):
  File "D:\pytest\hjsg\huodong\meirihuodong.py", line 93, in action_auto_jaderabbit_receivespringt
    self.auto_receive_blessing_reward()
  File "D:\pytest\hjsg\huodong\meirihuodong.py", line 84, in auto_receive_blessing_reward
    if blessing_index['reward_list']['0'] ==1:
TypeError: list indices must be integers, not str

2024-11-19 15:10:35,947 hjsg.py[line:71] [pock520:147] INFO ç‰å…”è¿æ˜¥
2024-11-19 15:10:36,005 hjsg.py[line:71] [pock520:147] INFO æ–°æ˜¥ç¥ç¦
2024-11-19 15:10:36,119 hjsg.py[line:77] [pock520:147] ERROR ç¥ç¦è®°å½•è·å–å¤±è´¥!
2024-11-19 15:10:36,244 hjsg.py[line:71] [pock520:148] INFO ç‰å…”è¿æ˜¥
2024-11-19 15:10:36,365 hjsg.py[line:77] [pock520:148] ERROR ä¸èƒ½é‡å¤é¢†å–!
2024-11-19 15:10:36,367 hjsg.py[line:71] [pock520:148] INFO æ–°æ˜¥ç¥ç¦
2024-11-19 15:10:36,471 hjsg.py[line:77] [pock520:148] ERROR æ“ä½œè¿‡äºé¢‘ç¹,è¯·ç¨åé‡è¯•!
2024-11-19 15:10:37,302 hjsg.py[line:71] [zhaofei3:148] INFO ç‰å…”è¿æ˜¥
2024-11-19 15:10:37,361 hjsg.py[line:71] [zhaofei3:148] INFO æ–°æ˜¥ç¥ç¦
2024-11-19 15:10:37,471 hjsg.py[line:77] [zhaofei3:148] ERROR ç¥ç¦è®°å½•è·å–å¤±è´¥!
2024-11-19 15:10:54,119 hjsg.py[line:71] [pock520:145] INFO ç‰å…”è¿æ˜¥
2024-11-19 15:10:54,177 hjsg.py[line:71] [pock520:145] INFO æ–°æ˜¥ç¥ç¦
2024-11-19 15:10:54,279 hjsg.py[line:77] [pock520:145] ERROR ç¥ç¦è®°å½•è·å–å¤±è´¥!
2024-11-19 15:11:15,513 hjsg.py[line:71] [pock520:146] INFO ç‰å…”è¿æ˜¥
2024-11-19 15:11:15,569 hjsg.py[line:71] [pock520:146] INFO æ–°æ˜¥ç¥ç¦
2024-11-19 15:11:15,694 hjsg.py[line:77] [pock520:146] ERROR ç¥ç¦è®°å½•è·å–å¤±è´¥!
2024-11-19 15:11:31,059 hjsg.py[line:71] [zhaofei3:145] INFO ç‰å…”è¿æ˜¥
2024-11-19 15:11:31,115 hjsg.py[line:71] [zhaofei3:145] INFO æ–°æ˜¥ç¥ç¦
2024-11-19 15:11:31,257 hjsg.py[line:77] [zhaofei3:145] ERROR ç¥ç¦è®°å½•è·å–å¤±è´¥!
2024-11-19 15:11:43,737 hjsg.py[line:71] [zhaofei3:149] INFO ç‰å…”è¿æ˜¥
2024-11-19 15:11:43,775 hjsg.py[line:77] [zhaofei3:149] ERROR ç‰å…”è¿æ˜¥ç­¾åˆ°å¼‚å¸¸Traceback (most recent call last):
  File "D:\pytest\hjsg\huodong\meirihuodong.py", line 92, in action_auto_jaderabbit_receivespringt
    self.auto_receive_login_reward()
  File "D:\pytest\hjsg\huodong\meirihuodong.py", line 60, in auto_receive_login_reward
    login_index=self.login_index()
  File "D:\pytest\hjsg\huodong\meirihuodong.py", line 20, in login_index
    self.log.error(index['msg'])
KeyError: 'msg'

2024-11-19 15:11:55,259 hjsg.py[line:71] [xingyue123a:145] INFO ç‰å…”è¿æ˜¥
2024-11-19 15:11:55,315 hjsg.py[line:71] [xingyue123a:145] INFO æ–°æ˜¥ç¥ç¦
2024-11-19 15:11:55,443 hjsg.py[line:77] [xingyue123a:145] ERROR ç¥ç¦è®°å½•è·å–å¤±è´¥!
2024-11-19 15:11:55,634 hjsg.py[line:71] [zhaofei3:147] INFO ç‰å…”è¿æ˜¥
2024-11-19 15:11:55,703 hjsg.py[line:71] [zhaofei3:147] INFO æ–°æ˜¥ç¥ç¦
2024-11-19 15:11:55,808 hjsg.py[line:77] [zhaofei3:147] ERROR ç¥ç¦è®°å½•è·å–å¤±è´¥!
2024-11-19 15:11:55,846 hjsg.py[line:71] [zhaofei3:146] INFO ç‰å…”è¿æ˜¥
2024-11-19 15:11:55,904 hjsg.py[line:71] [zhaofei3:146] INFO æ–°æ˜¥ç¥ç¦
2024-11-19 15:11:56,026 hjsg.py[line:77] [zhaofei3:146] ERROR ç¥ç¦è®°å½•è·å–å¤±è´¥!
2024-11-19 15:12:11,776 hjsg.py[line:71] [gmhy001:145] INFO ç‰å…”è¿æ˜¥
2024-11-19 15:12:11,819 hjsg.py[line:77] [gmhy001:145] ERROR ç‰å…”è¿æ˜¥ç­¾åˆ°å¼‚å¸¸Traceback (most recent call last):
  File "D:\pytest\hjsg\huodong\meirihuodong.py", line 92, in action_auto_jaderabbit_receivespringt
    self.auto_receive_login_reward()
  File "D:\pytest\hjsg\huodong\meirihuodong.py", line 60, in auto_receive_login_reward
    login_index=self.login_index()
  File "D:\pytest\hjsg\huodong\meirihuodong.py", line 20, in login_index
    self.log.error(index['msg'])
KeyError: 'msg'

2024-11-19 15:12:11,891 hjsg.py[line:71] [xingyue123a:146] INFO ç‰å…”è¿æ˜¥
2024-11-19 15:12:11,934 hjsg.py[line:77] [xingyue123a:146] ERROR ç‰å…”è¿æ˜¥ç­¾åˆ°å¼‚å¸¸Traceback (most recent call last):
  File "D:\pytest\hjsg\huodong\meirihuodong.py", line 92, in action_auto_jaderabbit_receivespringt
    self.auto_receive_login_reward()
  File "D:\pytest\hjsg\huodong\meirihuodong.py", line 60, in auto_receive_login_reward
    login_index=self.login_index()
  File "D:\pytest\hjsg\huodong\meirihuodong.py", line 20, in login_index
    self.log.error(index['msg'])
KeyError: 'msg'

2024-11-19 15:12:15,806 hjsg.py[line:71] [xingyue123a:149] INFO ç‰å…”è¿æ˜¥
2024-11-19 15:12:15,861 hjsg.py[line:71] [xingyue123a:149] INFO æ–°æ˜¥ç¥ç¦
2024-11-19 15:12:15,967 hjsg.py[line:77] [xingyue123a:149] ERROR ç¥ç¦è®°å½•è·å–å¤±è´¥!
2024-11-19 15:12:23,117 hjsg.py[line:71] [gmhy001:146] INFO ç‰å…”è¿æ˜¥
2024-11-19 15:12:23,190 hjsg.py[line:71] [gmhy001:146] INFO æ–°æ˜¥ç¥ç¦
2024-11-19 15:12:23,342 hjsg.py[line:77] [gmhy001:146] ERROR ç¥ç¦è®°å½•è·å–å¤±è´¥!
2024-11-19 15:12:44,023 hjsg.py[line:71] [xingyue123a:147] INFO ç‰å…”è¿æ˜¥
2024-11-19 15:12:44,092 hjsg.py[line:71] [xingyue123a:147] INFO æ–°æ˜¥ç¥ç¦
2024-11-19 15:12:44,207 hjsg.py[line:77] [xingyue123a:147] ERROR ç¥ç¦è®°å½•è·å–å¤±è´¥!
2024-11-19 15:13:07,680 hjsg.py[line:71] [gmhy001:149] INFO ç‰å…”è¿æ˜¥
2024-11-19 15:13:07,809 hjsg.py[line:77] [gmhy001:149] ERROR ä¸èƒ½é‡å¤é¢†å–!
2024-11-19 15:13:07,809 hjsg.py[line:71] [gmhy001:149] INFO æ–°æ˜¥ç¥ç¦
2024-11-19 15:13:07,915 hjsg.py[line:77] [gmhy001:149] ERROR æ“ä½œè¿‡äºé¢‘ç¹,è¯·ç¨åé‡è¯•!
2024-11-19 15:13:17,404 hjsg.py[line:71] [1843456:148] INFO ç‰å…”è¿æ˜¥
2024-11-19 15:13:17,461 hjsg.py[line:71] [1843456:148] INFO æ–°æ˜¥ç¥ç¦
2024-11-19 15:13:17,566 hjsg.py[line:77] [1843456:148] ERROR ç¥ç¦è®°å½•è·å–å¤±è´¥!
2024-11-19 15:13:38,950 hjsg.py[line:71] [mykmykmyk787:148] INFO ç‰å…”è¿æ˜¥
2024-11-19 15:13:39,005 hjsg.py[line:71] [mykmykmyk787:148] INFO æ–°æ˜¥ç¥ç¦
2024-11-19 15:13:39,108 hjsg.py[line:77] [mykmykmyk787:148] ERROR ç¥ç¦è®°å½•è·å–å¤±è´¥!
2024-11-19 15:14:00,009 hjsg.py[line:71] [gmhy001:147] INFO ç‰å…”è¿æ˜¥
2024-11-19 15:14:00,068 hjsg.py[line:71] [gmhy001:147] INFO æ–°æ˜¥ç¥ç¦
2024-11-19 15:14:00,193 hjsg.py[line:77] [gmhy001:147] ERROR ç¥ç¦è®°å½•è·å–å¤±è´¥!
2024-11-19 15:14:23,112 hjsg.py[line:71] [wenrouapeng:148] INFO ç‰å…”è¿æ˜¥
2024-11-19 15:14:23,167 hjsg.py[line:71] [wenrouapeng:148] INFO æ–°æ˜¥ç¥ç¦
2024-11-19 15:14:23,276 hjsg.py[line:77] [wenrouapeng:148] ERROR ç¥ç¦è®°å½•è·å–å¤±è´¥!
2024-11-19 15:14:32,760 hjsg.py[line:71] [15914185855:148] INFO ç‰å…”è¿æ˜¥
2024-11-19 15:14:32,831 hjsg.py[line:71] [15914185855:148] INFO æ–°æ˜¥ç¥ç¦
2024-11-19 15:14:32,937 hjsg.py[line:77] [15914185855:148] ERROR ç¥ç¦è®°å½•è·å–å¤±è´¥!
2024-11-19 15:14:58,759 hjsg.py[line:71] [911120038:149] INFO ç‰å…”è¿æ˜¥
2024-11-19 15:14:58,821 hjsg.py[line:71] [911120038:149] INFO æ–°æ˜¥ç¥ç¦
2024-11-19 15:14:58,924 hjsg.py[line:77] [911120038:149] ERROR ç¥ç¦è®°å½•è·å–å¤±è´¥!
2024-11-19 15:15:03,586 hjsg.py[line:71] [1217429742:145] INFO ç‰å…”è¿æ˜¥
2024-11-19 15:15:03,648 hjsg.py[line:71] [1217429742:145] INFO æ–°æ˜¥ç¥ç¦
2024-11-19 15:15:03,862 hjsg.py[line:77] [1217429742:145] ERROR ç¥ç¦è®°å½•è·å–å¤±è´¥!
2024-11-19 15:15:07,467 hjsg.py[line:71] [yu9095100:148] INFO ç‰å…”è¿æ˜¥
2024-11-19 15:15:07,523 hjsg.py[line:71] [yu9095100:148] INFO æ–°æ˜¥ç¥ç¦
2024-11-19 15:15:07,638 hjsg.py[line:77] [yu9095100:148] ERROR ç¥ç¦è®°å½•è·å–å¤±è´¥!
2024-11-19 15:15:31,423 hjsg.py[line:71] [my780618my:145] INFO ç‰å…”è¿æ˜¥
2024-11-19 15:15:31,486 hjsg.py[line:71] [my780618my:145] INFO æ–°æ˜¥ç¥ç¦
2024-11-19 15:15:31,595 hjsg.py[line:77] [my780618my:145] ERROR ç¥ç¦è®°å½•è·å–å¤±è´¥!
2024-11-19 15:15:44,979 hjsg.py[line:71] [q18118117429456:146] INFO ç‰å…”è¿æ˜¥
2024-11-19 15:15:45,038 hjsg.py[line:71] [q18118117429456:146] INFO æ–°æ˜¥ç¥ç¦
2024-11-19 15:15:45,174 hjsg.py[line:77] [q18118117429456:146] ERROR ç¥ç¦è®°å½•è·å–å¤±è´¥!
2024-11-19 15:15:50,493 hjsg.py[line:71] [yongge02:145] INFO ç‰å…”è¿æ˜¥
2024-11-19 15:15:50,759 hjsg.py[line:71] [yongge02:145] INFO æ–°æ˜¥ç¥ç¦
2024-11-19 15:15:50,861 hjsg.py[line:77] [yongge02:145] ERROR ç¥ç¦è®°å½•è·å–å¤±è´¥!
2024-11-19 15:16:10,785 hjsg.py[line:71] [cuigangdan123:145] INFO ç‰å…”è¿æ˜¥
2024-11-19 15:16:10,845 hjsg.py[line:71] [cuigangdan123:145] INFO æ–°æ˜¥ç¥ç¦
2024-11-19 15:16:10,957 hjsg.py[line:77] [cuigangdan123:145] ERROR ç¥ç¦è®°å½•è·å–å¤±è´¥!
2024-11-19 15:23:16,476 hjsg.py[line:71] [z831316:148] INFO ç‰å…”è¿æ˜¥
2024-11-19 15:23:16,539 hjsg.py[line:71] [z831316:148] INFO æ–°æ˜¥ç¥ç¦
2024-11-19 15:23:16,663 hjsg.py[line:77] [z831316:148] ERROR ç¥ç¦è®°å½•è·å–å¤±è´¥!
2024-11-19 15:23:38,720 hjsg.py[line:71] [xingyue123a:148] INFO ç‰å…”è¿æ˜¥
2024-11-19 15:23:38,803 hjsg.py[line:71] [xingyue123a:148] INFO æ–°æ˜¥ç¥ç¦
2024-11-19 15:23:38,930 hjsg.py[line:77] [xingyue123a:148] ERROR ç¥ç¦è®°å½•è·å–å¤±è´¥!
2024-11-19 15:23:39,388 hjsg.py[line:71] [sai69013408:149] INFO ç‰å…”è¿æ˜¥
2024-11-19 15:23:39,444 hjsg.py[line:71] [sai69013408:149] INFO æ–°æ˜¥ç¥ç¦
2024-11-19 15:23:39,555 hjsg.py[line:77] [sai69013408:149] ERROR ç¥ç¦è®°å½•è·å–å¤±è´¥!
2024-11-19 15:23:42,568 hjsg.py[line:71] [997996894:148] INFO ç‰å…”è¿æ˜¥
2024-11-19 15:23:42,625 hjsg.py[line:71] [997996894:148] INFO æ–°æ˜¥ç¥ç¦
2024-11-19 15:23:42,736 hjsg.py[line:77] [997996894:148] ERROR ç¥ç¦è®°å½•è·å–å¤±è´¥!
2024-11-19 15:24:19,207 hjsg.py[line:71] [zhangjun8722:145] INFO ç‰å…”è¿æ˜¥
2024-11-19 15:24:19,266 hjsg.py[line:71] [zhangjun8722:145] INFO æ–°æ˜¥ç¥ç¦
2024-11-19 15:24:19,371 hjsg.py[line:77] [zhangjun8722:145] ERROR ç¥ç¦è®°å½•è·å–å¤±è´¥!
2024-11-19 15:24:42,204 hjsg.py[line:71] [zhs112233:148] INFO ç‰å…”è¿æ˜¥
2024-11-19 15:24:42,259 hjsg.py[line:71] [zhs112233:148] INFO æ–°æ˜¥ç¥ç¦
2024-11-19 15:24:42,362 hjsg.py[line:77] [zhs112233:148] ERROR ç¥ç¦è®°å½•è·å–å¤±è´¥!
2024-11-19 15:24:58,730 hjsg.py[line:71] [514113751:146] INFO ç‰å…”è¿æ˜¥
2024-11-19 15:24:58,786 hjsg.py[line:77] [514113751:146] ERROR ç‰å…”è¿æ˜¥ç­¾åˆ°å¼‚å¸¸Traceback (most recent call last):
  File "D:\pytest\hjsg\huodong\meirihuodong.py", line 92, in action_auto_jaderabbit_receivespringt
    return False
  File "D:\pytest\hjsg\huodong\meirihuodong.py", line 60, in auto_receive_login_reward
    return False
  File "D:\pytest\hjsg\huodong\meirihuodong.py", line 20, in login_index
    else:
KeyError: 'msg'

2024-11-19 15:25:08,913 hjsg.py[line:71] [xinxin056012:149] INFO ç‰å…”è¿æ˜¥
2024-11-19 15:25:08,971 hjsg.py[line:71] [xinxin056012:149] INFO æ–°æ˜¥ç¥ç¦
2024-11-19 15:25:09,084 hjsg.py[line:77] [xinxin056012:149] ERROR ç¥ç¦è®°å½•è·å–å¤±è´¥!
2024-11-19 15:25:27,644 hjsg.py[line:71] [xiaolicdao:148] INFO ç‰å…”è¿æ˜¥
2024-11-19 15:25:27,703 hjsg.py[line:71] [xiaolicdao:148] INFO æ–°æ˜¥ç¥ç¦
2024-11-19 15:25:27,808 hjsg.py[line:77] [xiaolicdao:148] ERROR ç¥ç¦è®°å½•è·å–å¤±è´¥!
2024-11-19 15:25:28,789 hjsg.py[line:71] [CharliePumpkin:147] INFO ç‰å…”è¿æ˜¥
2024-11-19 15:25:28,858 hjsg.py[line:71] [CharliePumpkin:147] INFO æ–°æ˜¥ç¥ç¦
2024-11-19 15:25:28,967 hjsg.py[line:77] [CharliePumpkin:147] ERROR ç¥ç¦è®°å½•è·å–å¤±è´¥!
2024-11-19 15:25:33,835 hjsg.py[line:71] [1711015484:146] INFO ç‰å…”è¿æ˜¥
2024-11-19 15:25:33,888 hjsg.py[line:71] [1711015484:146] INFO æ–°æ˜¥ç¥ç¦
2024-11-19 15:25:33,997 hjsg.py[line:77] [1711015484:146] ERROR ç¥ç¦è®°å½•è·å–å¤±è´¥!
2024-11-19 15:25:53,878 hjsg.py[line:71] [911120038:149] INFO ç‰å…”è¿æ˜¥
2024-11-19 15:25:53,938 hjsg.py[line:71] [911120038:149] INFO æ–°æ˜¥ç¥ç¦
2024-11-19 15:25:54,053 hjsg.py[line:77] [911120038:149] ERROR ç¥ç¦è®°å½•è·å–å¤±è´¥!
2024-11-19 15:26:14,020 hjsg.py[line:71] [13580876045:146] INFO ç‰å…”è¿æ˜¥
2024-11-19 15:26:14,099 hjsg.py[line:71] [13580876045:146] INFO æ–°æ˜¥ç¥ç¦
2024-11-19 15:26:14,210 hjsg.py[line:77] [13580876045:146] ERROR ç¥ç¦è®°å½•è·å–å¤±è´¥!
2024-11-19 15:26:14,803 hjsg.py[line:71] [zyh13028563689:145] INFO ç‰å…”è¿æ˜¥
2024-11-19 15:26:14,861 hjsg.py[line:71] [zyh13028563689:145] INFO æ–°æ˜¥ç¥ç¦
2024-11-19 15:26:14,967 hjsg.py[line:77] [zyh13028563689:145] ERROR ç¥ç¦è®°å½•è·å–å¤±è´¥!
2024-11-19 15:26:20,414 hjsg.py[line:71] [67520004:149] INFO ç‰å…”è¿æ˜¥
2024-11-19 15:26:20,470 hjsg.py[line:71] [67520004:149] INFO æ–°æ˜¥ç¥ç¦
2024-11-19 15:26:20,576 hjsg.py[line:77] [67520004:149] ERROR ç¥ç¦è®°å½•è·å–å¤±è´¥!
2024-11-19 15:26:37,950 hjsg.py[line:71] [markjbw:146] INFO ç‰å…”è¿æ˜¥
2024-11-19 15:26:38,009 hjsg.py[line:71] [markjbw:146] INFO æ–°æ˜¥ç¥ç¦
2024-11-19 15:26:38,115 hjsg.py[line:77] [markjbw:146] ERROR ç¥ç¦è®°å½•è·å–å¤±è´¥!
2024-11-19 15:26:59,267 hjsg.py[line:71] [q18118117429456:146] INFO ç‰å…”è¿æ˜¥
2024-11-19 15:26:59,335 hjsg.py[line:71] [q18118117429456:146] INFO æ–°æ˜¥ç¥ç¦
2024-11-19 15:26:59,441 hjsg.py[line:77] [q18118117429456:146] ERROR ç¥ç¦è®°å½•è·å–å¤±è´¥!
2024-11-19 15:27:00,703 hjsg.py[line:71] [cuigangdan123:145] INFO ç‰å…”è¿æ˜¥
2024-11-19 15:27:00,776 hjsg.py[line:71] [cuigangdan123:145] INFO æ–°æ˜¥ç¥ç¦
2024-11-19 15:27:00,894 hjsg.py[line:77] [cuigangdan123:145] ERROR ç¥ç¦è®°å½•è·å–å¤±è´¥!
2024-11-19 15:27:05,257 hjsg.py[line:71] [1217429742:145] INFO ç‰å…”è¿æ˜¥
2024-11-19 15:27:05,328 hjsg.py[line:71] [1217429742:145] INFO æ–°æ˜¥ç¥ç¦
2024-11-19 15:27:05,434 hjsg.py[line:77] [1217429742:145] ERROR ç¥ç¦è®°å½•è·å–å¤±è´¥!
2024-11-19 15:27:05,960 hjsg.py[line:71] [yongge02:145] INFO ç‰å…”è¿æ˜¥
2024-11-19 15:27:06,015 hjsg.py[line:71] [yongge02:145] INFO æ–°æ˜¥ç¥ç¦
2024-11-19 15:27:06,125 hjsg.py[line:77] [yongge02:145] ERROR ç¥ç¦è®°å½•è·å–å¤±è´¥!
2024-11-19 15:27:08,767 hjsg.py[line:71] [z831316:148] INFO ç‰å…”è¿æ˜¥
2024-11-19 15:27:08,828 hjsg.py[line:71] [z831316:148] INFO æ–°æ˜¥ç¥ç¦
2024-11-19 15:27:08,951 hjsg.py[line:77] [z831316:148] ERROR ç¥ç¦è®°å½•è·å–å¤±è´¥!
2024-11-19 15:27:20,997 hjsg.py[line:71] [my780618my:145] INFO ç‰å…”è¿æ˜¥
2024-11-19 15:27:21,048 hjsg.py[line:77] [my780618my:145] ERROR ç‰å…”è¿æ˜¥ç­¾åˆ°å¼‚å¸¸Traceback (most recent call last):
  File "D:\pytest\hjsg\huodong\meirihuodong.py", line 92, in action_auto_jaderabbit_receivespringt
    return False
  File "D:\pytest\hjsg\huodong\meirihuodong.py", line 60, in auto_receive_login_reward
    return False
  File "D:\pytest\hjsg\huodong\meirihuodong.py", line 20, in login_index
    else:
KeyError: 'msg'

2024-11-19 15:27:31,723 hjsg.py[line:71] [997996894:148] INFO ç‰å…”è¿æ˜¥
2024-11-19 15:27:31,779 hjsg.py[line:71] [997996894:148] INFO æ–°æ˜¥ç¥ç¦
2024-11-19 15:27:31,901 hjsg.py[line:77] [997996894:148] ERROR ç¥ç¦è®°å½•è·å–å¤±è´¥!
2024-11-19 15:27:32,368 hjsg.py[line:71] [zhangjun8722:145] INFO ç‰å…”è¿æ˜¥
2024-11-19 15:27:32,437 hjsg.py[line:71] [zhangjun8722:145] INFO æ–°æ˜¥ç¥ç¦
2024-11-19 15:27:32,571 hjsg.py[line:77] [zhangjun8722:145] ERROR ç¥ç¦è®°å½•è·å–å¤±è´¥!
2024-11-19 15:28:11,854 hjsg.py[line:71] [pock520:146] INFO ç‰å…”è¿æ˜¥
2024-11-19 15:28:11,914 hjsg.py[line:71] [pock520:147] INFO ç‰å…”è¿æ˜¥
2024-11-19 15:28:11,950 hjsg.py[line:71] [zhaofei3:148] INFO ç‰å…”è¿æ˜¥
2024-11-19 15:28:11,951 hjsg.py[line:71] [pock520:148] INFO ç‰å…”è¿æ˜¥
2024-11-19 15:28:11,957 hjsg.py[line:71] [pock520:145] INFO ç‰å…”è¿æ˜¥
2024-11-19 15:28:11,982 hjsg.py[line:71] [pock520:146] INFO ç‰å…”è¿æ˜¥æ¯æ—¥ç­¾åˆ°æˆåŠŸ
2024-11-19 15:28:11,984 hjsg.py[line:71] [pock520:146] INFO æ–°æ˜¥ç¥ç¦
2024-11-19 15:28:12,052 hjsg.py[line:71] [pock520:148] INFO æ–°æ˜¥ç¥ç¦
2024-11-19 15:28:12,071 hjsg.py[line:71] [pock520:147] INFO ç‰å…”è¿æ˜¥æ¯æ—¥ç­¾åˆ°æˆåŠŸ
2024-11-19 15:28:12,072 hjsg.py[line:71] [pock520:147] INFO æ–°æ˜¥ç¥ç¦
2024-11-19 15:28:12,107 hjsg.py[line:71] [zhaofei3:148] INFO ç‰å…”è¿æ˜¥æ¯æ—¥ç­¾åˆ°æˆåŠŸ
2024-11-19 15:28:12,108 hjsg.py[line:71] [zhaofei3:148] INFO æ–°æ˜¥ç¥ç¦
2024-11-19 15:28:12,138 hjsg.py[line:71] [pock520:145] INFO ç‰å…”è¿æ˜¥æ¯æ—¥ç­¾åˆ°æˆåŠŸ
2024-11-19 15:28:12,138 hjsg.py[line:71] [pock520:145] INFO æ–°æ˜¥ç¥ç¦
2024-11-19 15:28:12,144 hjsg.py[line:77] [pock520:146] ERROR æ“ä½œè¿‡äºé¢‘ç¹,è¯·ç¨åé‡è¯•!
2024-11-19 15:28:12,186 hjsg.py[line:77] [pock520:148] ERROR ç¥ç¦è®°å½•è·å–å¤±è´¥!
2024-11-19 15:28:12,197 hjsg.py[line:77] [pock520:147] ERROR æ“ä½œè¿‡äºé¢‘ç¹,è¯·ç¨åé‡è¯•!
2024-11-19 15:28:12,213 hjsg.py[line:77] [zhaofei3:148] ERROR æ“ä½œè¿‡äºé¢‘ç¹,è¯·ç¨åé‡è¯•!
2024-11-19 15:28:12,246 hjsg.py[line:77] [pock520:145] ERROR æ“ä½œè¿‡äºé¢‘ç¹,è¯·ç¨åé‡è¯•!
2024-11-19 15:28:12,690 hjsg.py[line:71] [zhaofei3:146] INFO ç‰å…”è¿æ˜¥
2024-11-19 15:28:12,696 hjsg.py[line:71] [zhaofei3:147] INFO ç‰å…”è¿æ˜¥
2024-11-19 15:28:12,704 hjsg.py[line:71] [zhaofei3:145] INFO ç‰å…”è¿æ˜¥
2024-11-19 15:28:12,749 hjsg.py[line:71] [zhaofei3:149] INFO ç‰å…”è¿æ˜¥
2024-11-19 15:28:12,818 hjsg.py[line:71] [zhaofei3:147] INFO ç‰å…”è¿æ˜¥æ¯æ—¥ç­¾åˆ°æˆåŠŸ
2024-11-19 15:28:12,818 hjsg.py[line:71] [zhaofei3:147] INFO æ–°æ˜¥ç¥ç¦
2024-11-19 15:28:12,841 hjsg.py[line:71] [zhaofei3:146] INFO ç‰å…”è¿æ˜¥æ¯æ—¥ç­¾åˆ°æˆåŠŸ
2024-11-19 15:28:12,841 hjsg.py[line:71] [zhaofei3:146] INFO æ–°æ˜¥ç¥ç¦
2024-11-19 15:28:12,845 hjsg.py[line:71] [zhaofei3:145] INFO ç‰å…”è¿æ˜¥æ¯æ—¥ç­¾åˆ°æˆåŠŸ
2024-11-19 15:28:12,845 hjsg.py[line:71] [zhaofei3:145] INFO æ–°æ˜¥ç¥ç¦
2024-11-19 15:28:12,901 hjsg.py[line:71] [zhaofei3:149] INFO ç‰å…”è¿æ˜¥æ¯æ—¥ç­¾åˆ°æˆåŠŸ
2024-11-19 15:28:12,904 hjsg.py[line:71] [zhaofei3:149] INFO æ–°æ˜¥ç¥ç¦
2024-11-19 15:28:12,927 hjsg.py[line:77] [zhaofei3:147] ERROR æ“ä½œè¿‡äºé¢‘ç¹,è¯·ç¨åé‡è¯•!
2024-11-19 15:28:12,954 hjsg.py[line:77] [zhaofei3:146] ERROR æ“ä½œè¿‡äºé¢‘ç¹,è¯·ç¨åé‡è¯•!
2024-11-19 15:28:12,993 hjsg.py[line:77] [zhaofei3:145] ERROR æ“ä½œè¿‡äºé¢‘ç¹,è¯·ç¨åé‡è¯•!
2024-11-19 15:28:13,033 hjsg.py[line:77] [zhaofei3:149] ERROR æ“ä½œè¿‡äºé¢‘ç¹,è¯·ç¨åé‡è¯•!
2024-11-19 15:28:13,107 hjsg.py[line:71] [xingyue123a:145] INFO ç‰å…”è¿æ˜¥æ¯æ—¥ç­¾åˆ°æˆåŠŸ
2024-11-19 15:28:13,108 hjsg.py[line:71] [xingyue123a:145] INFO æ–°æ˜¥ç¥ç¦
2024-11-19 15:28:13,221 hjsg.py[line:77] [xingyue123a:145] ERROR æ“ä½œè¿‡äºé¢‘ç¹,è¯·ç¨åé‡è¯•!
2024-11-19 15:28:13,618 hjsg.py[line:71] [xingyue123a:146] INFO ç‰å…”è¿æ˜¥
2024-11-19 15:28:13,645 hjsg.py[line:71] [xingyue123a:147] INFO ç‰å…”è¿æ˜¥
2024-11-19 15:28:13,676 hjsg.py[line:71] [gmhy001:145] INFO ç‰å…”è¿æ˜¥
2024-11-19 15:28:13,681 hjsg.py[line:71] [xingyue123a:149] INFO ç‰å…”è¿æ˜¥
2024-11-19 15:28:13,769 hjsg.py[line:71] [xingyue123a:147] INFO ç‰å…”è¿æ˜¥æ¯æ—¥ç­¾åˆ°æˆåŠŸ
2024-11-19 15:28:13,769 hjsg.py[line:71] [xingyue123a:147] INFO æ–°æ˜¥ç¥ç¦
2024-11-19 15:28:13,785 hjsg.py[line:71] [xingyue123a:146] INFO ç‰å…”è¿æ˜¥æ¯æ—¥ç­¾åˆ°æˆåŠŸ
2024-11-19 15:28:13,785 hjsg.py[line:71] [xingyue123a:146] INFO æ–°æ˜¥ç¥ç¦
2024-11-19 15:28:13,799 hjsg.py[line:71] [gmhy001:145] INFO ç‰å…”è¿æ˜¥æ¯æ—¥ç­¾åˆ°æˆåŠŸ
2024-11-19 15:28:13,799 hjsg.py[line:71] [gmhy001:145] INFO æ–°æ˜¥ç¥ç¦
2024-11-19 15:28:13,802 hjsg.py[line:71] [xingyue123a:149] INFO ç‰å…”è¿æ˜¥æ¯æ—¥ç­¾åˆ°æˆåŠŸ
2024-11-19 15:28:13,802 hjsg.py[line:71] [xingyue123a:149] INFO æ–°æ˜¥ç¥ç¦
2024-11-19 15:28:13,880 hjsg.py[line:77] [xingyue123a:147] ERROR æ“ä½œè¿‡äºé¢‘ç¹,è¯·ç¨åé‡è¯•!
2024-11-19 15:28:13,918 hjsg.py[line:77] [xingyue123a:146] ERROR æ“ä½œè¿‡äºé¢‘ç¹,è¯·ç¨åé‡è¯•!
2024-11-19 15:28:13,927 hjsg.py[line:77] [gmhy001:145] ERROR æ“ä½œè¿‡äºé¢‘ç¹,è¯·ç¨åé‡è¯•!
2024-11-19 15:28:13,930 hjsg.py[line:77] [xingyue123a:149] ERROR æ“ä½œè¿‡äºé¢‘ç¹,è¯·ç¨åé‡è¯•!
2024-11-19 15:28:14,269 hjsg.py[line:71] [gmhy001:146] INFO ç‰å…”è¿æ˜¥
2024-11-19 15:28:14,388 hjsg.py[line:71] [gmhy001:146] INFO ç‰å…”è¿æ˜¥æ¯æ—¥ç­¾åˆ°æˆåŠŸ
2024-11-19 15:28:14,388 hjsg.py[line:71] [gmhy001:146] INFO æ–°æ˜¥ç¥ç¦
2024-11-19 15:28:14,503 hjsg.py[line:77] [gmhy001:146] ERROR æ“ä½œè¿‡äºé¢‘ç¹,è¯·ç¨åé‡è¯•!
2024-11-19 15:28:14,967 hjsg.py[line:71] [gmhy001:147] INFO ç‰å…”è¿æ˜¥
2024-11-19 15:28:15,015 hjsg.py[line:71] [mykmykmyk787:148] INFO ç‰å…”è¿æ˜¥
2024-11-19 15:28:15,056 hjsg.py[line:71] [gmhy001:148] INFO ç‰å…”è¿æ˜¥
2024-11-19 15:28:15,059 hjsg.py[line:71] [1843456:148] INFO ç‰å…”è¿æ˜¥
2024-11-19 15:28:15,092 hjsg.py[line:71] [gmhy001:147] INFO ç‰å…”è¿æ˜¥æ¯æ—¥ç­¾åˆ°æˆåŠŸ
2024-11-19 15:28:15,092 hjsg.py[line:71] [gmhy001:147] INFO æ–°æ˜¥ç¥ç¦
2024-11-19 15:28:15,134 hjsg.py[line:71] [mykmykmyk787:148] INFO ç‰å…”è¿æ˜¥æ¯æ—¥ç­¾åˆ°æˆåŠŸ
2024-11-19 15:28:15,134 hjsg.py[line:71] [mykmykmyk787:148] INFO æ–°æ˜¥ç¥ç¦
2024-11-19 15:28:15,188 hjsg.py[line:71] [gmhy001:148] INFO ç‰å…”è¿æ˜¥æ¯æ—¥ç­¾åˆ°æˆåŠŸ
2024-11-19 15:28:15,190 hjsg.py[line:71] [gmhy001:148] INFO æ–°æ˜¥ç¥ç¦
2024-11-19 15:28:15,193 hjsg.py[line:71] [1843456:148] INFO ç‰å…”è¿æ˜¥æ¯æ—¥ç­¾åˆ°æˆåŠŸ
2024-11-19 15:28:15,194 hjsg.py[line:71] [1843456:148] INFO æ–°æ˜¥ç¥ç¦
2024-11-19 15:28:15,213 hjsg.py[line:71] [gmhy001:149] INFO ç‰å…”è¿æ˜¥
2024-11-19 15:28:15,233 hjsg.py[line:77] [gmhy001:147] ERROR æ“ä½œè¿‡äºé¢‘ç¹,è¯·ç¨åé‡è¯•!
2024-11-19 15:28:15,253 hjsg.py[line:77] [mykmykmyk787:148] ERROR æ“ä½œè¿‡äºé¢‘ç¹,è¯·ç¨åé‡è¯•!
2024-11-19 15:28:15,266 hjsg.py[line:71] [gmhy001:149] INFO æ–°æ˜¥ç¥ç¦
2024-11-19 15:28:15,309 hjsg.py[line:77] [1843456:148] ERROR æ“ä½œè¿‡äºé¢‘ç¹,è¯·ç¨åé‡è¯•!
2024-11-19 15:28:15,313 hjsg.py[line:77] [gmhy001:148] ERROR æ“ä½œè¿‡äºé¢‘ç¹,è¯·ç¨åé‡è¯•!
2024-11-19 15:28:15,371 hjsg.py[line:77] [gmhy001:149] ERROR ç¥ç¦å¥–åŠ±å·²é¢†å–!
2024-11-19 15:28:15,812 hjsg.py[line:71] [15914185855:148] INFO ç‰å…”è¿æ˜¥
2024-11-19 15:28:15,845 hjsg.py[line:71] [wenrouapeng:148] INFO ç‰å…”è¿æ˜¥
2024-11-19 15:28:15,927 hjsg.py[line:71] [15914185855:148] INFO ç‰å…”è¿æ˜¥æ¯æ—¥ç­¾åˆ°æˆåŠŸ
2024-11-19 15:28:15,928 hjsg.py[line:71] [15914185855:148] INFO æ–°æ˜¥ç¥ç¦
2024-11-19 15:28:15,963 hjsg.py[line:71] [wenrouapeng:148] INFO ç‰å…”è¿æ˜¥æ¯æ—¥ç­¾åˆ°æˆåŠŸ
2024-11-19 15:28:15,963 hjsg.py[line:71] [wenrouapeng:148] INFO æ–°æ˜¥ç¥ç¦
2024-11-19 15:28:16,040 hjsg.py[line:71] [911120038:149] INFO ç‰å…”è¿æ˜¥
2024-11-19 15:28:16,040 hjsg.py[line:77] [15914185855:148] ERROR æ“ä½œè¿‡äºé¢‘ç¹,è¯·ç¨åé‡è¯•!
2024-11-19 15:28:16,053 hjsg.py[line:71] [yu9095100:148] INFO ç‰å…”è¿æ˜¥
2024-11-19 15:28:16,084 hjsg.py[line:77] [wenrouapeng:148] ERROR æ“ä½œè¿‡äºé¢‘ç¹,è¯·ç¨åé‡è¯•!
2024-11-19 15:28:16,084 hjsg.py[line:71] [1217429742:145] INFO ç‰å…”è¿æ˜¥
2024-11-19 15:28:16,171 hjsg.py[line:71] [911120038:149] INFO ç‰å…”è¿æ˜¥æ¯æ—¥ç­¾åˆ°æˆåŠŸ
2024-11-19 15:28:16,171 hjsg.py[line:71] [911120038:149] INFO æ–°æ˜¥ç¥ç¦
2024-11-19 15:28:16,186 hjsg.py[line:71] [yu9095100:148] INFO ç‰å…”è¿æ˜¥æ¯æ—¥ç­¾åˆ°æˆåŠŸ
2024-11-19 15:28:16,186 hjsg.py[line:71] [yu9095100:148] INFO æ–°æ˜¥ç¥ç¦
2024-11-19 15:28:16,217 hjsg.py[line:71] [1217429742:145] INFO ç‰å…”è¿æ˜¥æ¯æ—¥ç­¾åˆ°æˆåŠŸ
2024-11-19 15:28:16,217 hjsg.py[line:71] [1217429742:145] INFO æ–°æ˜¥ç¥ç¦
2024-11-19 15:28:16,288 hjsg.py[line:77] [911120038:149] ERROR æ“ä½œè¿‡äºé¢‘ç¹,è¯·ç¨åé‡è¯•!
2024-11-19 15:28:16,290 hjsg.py[line:77] [yu9095100:148] ERROR æ“ä½œè¿‡äºé¢‘ç¹,è¯·ç¨åé‡è¯•!
2024-11-19 15:28:16,325 hjsg.py[line:77] [1217429742:145] ERROR æ“ä½œè¿‡äºé¢‘ç¹,è¯·ç¨åé‡è¯•!
2024-11-19 15:28:16,868 hjsg.py[line:71] [q18118117429456:146] INFO ç‰å…”è¿æ˜¥
2024-11-19 15:28:16,910 hjsg.py[line:71] [yongge02:145] INFO ç‰å…”è¿æ˜¥
2024-11-19 15:28:16,934 hjsg.py[line:71] [my780618my:145] INFO ç‰å…”è¿æ˜¥
2024-11-19 15:28:16,944 hjsg.py[line:71] [cuigangdan123:145] INFO ç‰å…”è¿æ˜¥
2024-11-19 15:28:16,997 hjsg.py[line:71] [z831316:148] INFO ç‰å…”è¿æ˜¥
2024-11-19 15:28:16,997 hjsg.py[line:71] [q18118117429456:146] INFO ç‰å…”è¿æ˜¥æ¯æ—¥ç­¾åˆ°æˆåŠŸ
2024-11-19 15:28:17,002 hjsg.py[line:71] [q18118117429456:146] INFO æ–°æ˜¥ç¥ç¦
2024-11-19 15:28:17,032 hjsg.py[line:71] [yongge02:145] INFO ç‰å…”è¿æ˜¥æ¯æ—¥ç­¾åˆ°æˆåŠŸ
2024-11-19 15:28:17,033 hjsg.py[line:71] [yongge02:145] INFO æ–°æ˜¥ç¥ç¦
2024-11-19 15:28:17,071 hjsg.py[line:71] [my780618my:145] INFO ç‰å…”è¿æ˜¥æ¯æ—¥ç­¾åˆ°æˆåŠŸ
2024-11-19 15:28:17,071 hjsg.py[line:71] [my780618my:145] INFO æ–°æ˜¥ç¥ç¦
2024-11-19 15:28:17,104 hjsg.py[line:71] [cuigangdan123:145] INFO ç‰å…”è¿æ˜¥æ¯æ—¥ç­¾åˆ°æˆåŠŸ
2024-11-19 15:28:17,108 hjsg.py[line:71] [cuigangdan123:145] INFO æ–°æ˜¥ç¥ç¦
2024-11-19 15:28:17,190 hjsg.py[line:77] [q18118117429456:146] ERROR æ“ä½œè¿‡äºé¢‘ç¹,è¯·ç¨åé‡è¯•!
2024-11-19 15:28:17,207 hjsg.py[line:77] [my780618my:145] ERROR æ“ä½œè¿‡äºé¢‘ç¹,è¯·ç¨åé‡è¯•!
2024-11-19 15:28:17,207 hjsg.py[line:77] [yongge02:145] ERROR æ“ä½œè¿‡äºé¢‘ç¹,è¯·ç¨åé‡è¯•!
2024-11-19 15:28:17,209 hjsg.py[line:71] [z831316:148] INFO ç‰å…”è¿æ˜¥æ¯æ—¥ç­¾åˆ°æˆåŠŸ
2024-11-19 15:28:17,210 hjsg.py[line:71] [z831316:148] INFO æ–°æ˜¥ç¥ç¦
2024-11-19 15:28:17,286 hjsg.py[line:77] [cuigangdan123:145] ERROR æ“ä½œè¿‡äºé¢‘ç¹,è¯·ç¨åé‡è¯•!
2024-11-19 15:28:17,344 hjsg.py[line:77] [z831316:148] ERROR æ“ä½œè¿‡äºé¢‘ç¹,è¯·ç¨åé‡è¯•!
2024-11-19 15:28:17,846 hjsg.py[line:71] [sai69013408:149] INFO ç‰å…”è¿æ˜¥
2024-11-19 15:28:17,872 hjsg.py[line:71] [xingyue123a:148] INFO ç‰å…”è¿æ˜¥
2024-11-19 15:28:17,894 hjsg.py[line:71] [997996894:148] INFO ç‰å…”è¿æ˜¥
2024-11-19 15:28:17,947 hjsg.py[line:71] [zhs112233:148] INFO ç‰å…”è¿æ˜¥
2024-11-19 15:28:17,966 hjsg.py[line:71] [sai69013408:149] INFO ç‰å…”è¿æ˜¥æ¯æ—¥ç­¾åˆ°æˆåŠŸ
2024-11-19 15:28:17,966 hjsg.py[line:71] [sai69013408:149] INFO æ–°æ˜¥ç¥ç¦
2024-11-19 15:28:17,990 hjsg.py[line:71] [zhangjun8722:145] INFO ç‰å…”è¿æ˜¥
2024-11-19 15:28:17,993 hjsg.py[line:71] [xingyue123a:148] INFO ç‰å…”è¿æ˜¥æ¯æ—¥ç­¾åˆ°æˆåŠŸ
2024-11-19 15:28:17,993 hjsg.py[line:71] [xingyue123a:148] INFO æ–°æ˜¥ç¥ç¦
2024-11-19 15:28:18,012 hjsg.py[line:71] [997996894:148] INFO ç‰å…”è¿æ˜¥æ¯æ—¥ç­¾åˆ°æˆåŠŸ
2024-11-19 15:28:18,012 hjsg.py[line:71] [997996894:148] INFO æ–°æ˜¥ç¥ç¦
2024-11-19 15:28:18,078 hjsg.py[line:77] [sai69013408:149] ERROR æ“ä½œè¿‡äºé¢‘ç¹,è¯·ç¨åé‡è¯•!
2024-11-19 15:28:18,078 hjsg.py[line:71] [zhs112233:148] INFO ç‰å…”è¿æ˜¥æ¯æ—¥ç­¾åˆ°æˆåŠŸ
2024-11-19 15:28:18,082 hjsg.py[line:71] [zhs112233:148] INFO æ–°æ˜¥ç¥ç¦
2024-11-19 15:28:18,174 hjsg.py[line:77] [997996894:148] ERROR æ“ä½œè¿‡äºé¢‘ç¹,è¯·ç¨åé‡è¯•!
2024-11-19 15:28:18,174 hjsg.py[line:77] [xingyue123a:148] ERROR æ“ä½œè¿‡äºé¢‘ç¹,è¯·ç¨åé‡è¯•!
2024-11-19 15:28:18,186 hjsg.py[line:71] [zhangjun8722:145] INFO ç‰å…”è¿æ˜¥æ¯æ—¥ç­¾åˆ°æˆåŠŸ
2024-11-19 15:28:18,186 hjsg.py[line:71] [zhangjun8722:145] INFO æ–°æ˜¥ç¥ç¦
2024-11-19 15:28:18,226 hjsg.py[line:77] [zhs112233:148] ERROR æ“ä½œè¿‡äºé¢‘ç¹,è¯·ç¨åé‡è¯•!
2024-11-19 15:28:18,292 hjsg.py[line:77] [zhangjun8722:145] ERROR æ“ä½œè¿‡äºé¢‘ç¹,è¯·ç¨åé‡è¯•!
2024-11-19 15:28:18,786 hjsg.py[line:71] [514113751:146] INFO ç‰å…”è¿æ˜¥
2024-11-19 15:28:18,904 hjsg.py[line:71] [514113751:146] INFO ç‰å…”è¿æ˜¥æ¯æ—¥ç­¾åˆ°æˆåŠŸ
2024-11-19 15:28:18,905 hjsg.py[line:71] [514113751:146] INFO æ–°æ˜¥ç¥ç¦
2024-11-19 15:28:18,937 hjsg.py[line:71] [1711015484:146] INFO ç‰å…”è¿æ˜¥
2024-11-19 15:28:18,990 hjsg.py[line:71] [xinxin056012:149] INFO ç‰å…”è¿æ˜¥
2024-11-19 15:28:19,013 hjsg.py[line:77] [514113751:146] ERROR æ“ä½œè¿‡äºé¢‘ç¹,è¯·ç¨åé‡è¯•!
2024-11-19 15:28:19,059 hjsg.py[line:71] [1711015484:146] INFO ç‰å…”è¿æ˜¥æ¯æ—¥ç­¾åˆ°æˆåŠŸ
2024-11-19 15:28:19,061 hjsg.py[line:71] [1711015484:146] INFO æ–°æ˜¥ç¥ç¦
2024-11-19 15:28:19,079 hjsg.py[line:71] [CharliePumpkin:147] INFO ç‰å…”è¿æ˜¥
2024-11-19 15:28:19,118 hjsg.py[line:71] [xinxin056012:149] INFO ç‰å…”è¿æ˜¥æ¯æ—¥ç­¾åˆ°æˆåŠŸ
2024-11-19 15:28:19,119 hjsg.py[line:71] [xinxin056012:149] INFO æ–°æ˜¥ç¥ç¦
2024-11-19 15:28:19,170 hjsg.py[line:77] [1711015484:146] ERROR æ“ä½œè¿‡äºé¢‘ç¹,è¯·ç¨åé‡è¯•!
2024-11-19 15:28:19,194 hjsg.py[line:71] [CharliePumpkin:147] INFO ç‰å…”è¿æ˜¥æ¯æ—¥ç­¾åˆ°æˆåŠŸ
2024-11-19 15:28:19,196 hjsg.py[line:71] [CharliePumpkin:147] INFO æ–°æ˜¥ç¥ç¦
2024-11-19 15:28:19,236 hjsg.py[line:77] [xinxin056012:149] ERROR æ“ä½œè¿‡äºé¢‘ç¹,è¯·ç¨åé‡è¯•!
2024-11-19 15:28:19,301 hjsg.py[line:77] [CharliePumpkin:147] ERROR æ“ä½œè¿‡äºé¢‘ç¹,è¯·ç¨åé‡è¯•!
2024-11-19 15:28:20,138 hjsg.py[line:71] [xiaolicdao:148] INFO ç‰å…”è¿æ˜¥
2024-11-19 15:28:20,257 hjsg.py[line:71] [xiaolicdao:148] INFO ç‰å…”è¿æ˜¥æ¯æ—¥ç­¾åˆ°æˆåŠŸ
2024-11-19 15:28:20,257 hjsg.py[line:71] [xiaolicdao:148] INFO æ–°æ˜¥ç¥ç¦
2024-11-19 15:28:20,368 hjsg.py[line:77] [xiaolicdao:148] ERROR æ“ä½œè¿‡äºé¢‘ç¹,è¯·ç¨åé‡è¯•!
2024-11-19 15:28:20,845 hjsg.py[line:71] [911120038:149] INFO ç‰å…”è¿æ˜¥
2024-11-19 15:28:20,898 hjsg.py[line:71] [911120038:149] INFO æ–°æ˜¥ç¥ç¦
2024-11-19 15:28:21,013 hjsg.py[line:77] [911120038:149] ERROR ç¥ç¦è®°å½•è·å–å¤±è´¥!
2024-11-19 15:28:21,089 hjsg.py[line:71] [markjbw:146] INFO ç‰å…”è¿æ˜¥
2024-11-19 15:28:21,095 hjsg.py[line:71] [67520004:149] INFO ç‰å…”è¿æ˜¥
2024-11-19 15:28:21,155 hjsg.py[line:71] [13580876045:146] INFO ç‰å…”è¿æ˜¥
2024-11-19 15:28:21,209 hjsg.py[line:71] [markjbw:146] INFO ç‰å…”è¿æ˜¥æ¯æ—¥ç­¾åˆ°æˆåŠŸ
2024-11-19 15:28:21,209 hjsg.py[line:71] [markjbw:146] INFO æ–°æ˜¥ç¥ç¦
2024-11-19 15:28:21,242 hjsg.py[line:71] [zyh13028563689:145] INFO ç‰å…”è¿æ˜¥
2024-11-19 15:28:21,242 hjsg.py[line:71] [67520004:149] INFO ç‰å…”è¿æ˜¥æ¯æ—¥ç­¾åˆ°æˆåŠŸ
2024-11-19 15:28:21,243 hjsg.py[line:71] [67520004:149] INFO æ–°æ˜¥ç¥ç¦
2024-11-19 15:28:21,326 hjsg.py[line:71] [13580876045:146] INFO ç‰å…”è¿æ˜¥æ¯æ—¥ç­¾åˆ°æˆåŠŸ
2024-11-19 15:28:21,328 hjsg.py[line:71] [13580876045:146] INFO æ–°æ˜¥ç¥ç¦
2024-11-19 15:28:21,335 hjsg.py[line:77] [markjbw:146] ERROR æ“ä½œè¿‡äºé¢‘ç¹,è¯·ç¨åé‡è¯•!
2024-11-19 15:28:21,387 hjsg.py[line:77] [67520004:149] ERROR æ“ä½œè¿‡äºé¢‘ç¹,è¯·ç¨åé‡è¯•!
2024-11-19 15:28:21,411 hjsg.py[line:71] [zyh13028563689:145] INFO ç‰å…”è¿æ˜¥æ¯æ—¥ç­¾åˆ°æˆåŠŸ
2024-11-19 15:28:21,411 hjsg.py[line:71] [zyh13028563689:145] INFO æ–°æ˜¥ç¥ç¦
2024-11-19 15:28:21,456 hjsg.py[line:77] [13580876045:146] ERROR æ“ä½œè¿‡äºé¢‘ç¹,è¯·ç¨åé‡è¯•!
2024-11-19 15:28:21,513 hjsg.py[line:77] [zyh13028563689:145] ERROR æ“ä½œè¿‡äºé¢‘ç¹,è¯·ç¨åé‡è¯•!
2024-11-19 15:28:22,052 hjsg.py[line:71] [q18118117429456:146] INFO ç‰å…”è¿æ˜¥
2024-11-19 15:28:22,108 hjsg.py[line:71] [q18118117429456:146] INFO æ–°æ˜¥ç¥ç¦
2024-11-19 15:28:22,151 hjsg.py[line:71] [yongge02:145] INFO ç‰å…”è¿æ˜¥
2024-11-19 15:28:22,174 hjsg.py[line:71] [cuigangdan123:145] INFO ç‰å…”è¿æ˜¥
2024-11-19 15:28:22,200 hjsg.py[line:71] [1217429742:145] INFO ç‰å…”è¿æ˜¥
2024-11-19 15:28:22,209 hjsg.py[line:71] [yongge02:145] INFO æ–°æ˜¥ç¥ç¦
2024-11-19 15:28:22,237 hjsg.py[line:77] [q18118117429456:146] ERROR ç¥ç¦è®°å½•è·å–å¤±è´¥!
2024-11-19 15:28:22,240 hjsg.py[line:71] [cuigangdan123:145] INFO æ–°æ˜¥ç¥ç¦
2024-11-19 15:28:22,253 hjsg.py[line:71] [1217429742:145] INFO æ–°æ˜¥ç¥ç¦
2024-11-19 15:28:22,290 hjsg.py[line:71] [z831316:148] INFO ç‰å…”è¿æ˜¥
2024-11-19 15:28:22,321 hjsg.py[line:77] [yongge02:145] ERROR ç¥ç¦è®°å½•è·å–å¤±è´¥!
2024-11-19 15:28:22,344 hjsg.py[line:71] [z831316:148] INFO æ–°æ˜¥ç¥ç¦
2024-11-19 15:28:22,355 hjsg.py[line:77] [cuigangdan123:145] ERROR ç¥ç¦è®°å½•è·å–å¤±è´¥!
2024-11-19 15:28:22,377 hjsg.py[line:77] [1217429742:145] ERROR ç¥ç¦è®°å½•è·å–å¤±è´¥!
2024-11-19 15:28:22,470 hjsg.py[line:77] [z831316:148] ERROR ç¥ç¦è®°å½•è·å–å¤±è´¥!
2024-11-19 15:28:23,019 hjsg.py[line:71] [997996894:148] INFO ç‰å…”è¿æ˜¥
2024-11-19 15:28:23,059 hjsg.py[line:71] [my780618my:145] INFO ç‰å…”è¿æ˜¥
2024-11-19 15:28:23,073 hjsg.py[line:71] [997996894:148] INFO æ–°æ˜¥ç¥ç¦
2024-11-19 15:28:23,101 hjsg.py[line:71] [zhangjun8722:145] INFO ç‰å…”è¿æ˜¥
2024-11-19 15:28:23,117 hjsg.py[line:71] [my780618my:145] INFO æ–°æ˜¥ç¥ç¦
2024-11-19 15:28:23,157 hjsg.py[line:71] [zhangjun8722:145] INFO æ–°æ˜¥ç¥ç¦
2024-11-19 15:28:23,180 hjsg.py[line:77] [997996894:148] ERROR ç¥ç¦è®°å½•è·å–å¤±è´¥!
2024-11-19 15:28:23,220 hjsg.py[line:77] [my780618my:145] ERROR ç¥ç¦è®°å½•è·å–å¤±è´¥!
2024-11-19 15:28:23,260 hjsg.py[line:77] [zhangjun8722:145] ERROR ç¥ç¦è®°å½•è·å–å¤±è´¥!
2024-11-19 15:31:31,713 hjsg.py[line:71] [pock520:148] INFO ç‰å…”è¿æ˜¥
2024-11-19 15:31:31,776 hjsg.py[line:71] [pock520:148] INFO æ–°æ˜¥ç¥ç¦
2024-11-19 15:31:31,911 hjsg.py[line:77] [pock520:148] ERROR ç¥ç¦è®°å½•è·å–å¤±è´¥!
2024-11-19 15:35:29,009 hjsg.py[line:71] [pock520:148] INFO ç‰å…”è¿æ˜¥
2024-11-19 15:35:29,063 hjsg.py[line:71] [pock520:148] INFO æ–°æ˜¥ç¥ç¦
2024-11-19 15:35:29,171 hjsg.py[line:77] [pock520:148] ERROR ç¥ç¦è®°å½•è·å–å¤±è´¥!
2024-11-19 15:36:18,338 hjsg.py[line:71] [pock520:148] INFO ç‰å…”è¿æ˜¥
2024-11-19 15:36:18,394 hjsg.py[line:71] [pock520:148] INFO æ–°æ˜¥ç¥ç¦
2024-11-19 15:36:18,526 hjsg.py[line:77] [pock520:148] ERROR ç¥ç¦è®°å½•è·å–å¤±è´¥!
2024-11-19 15:46:09,263 hjsg.py[line:71] [pock520:148] INFO ç‰å…”è¿æ˜¥
2024-11-19 15:46:09,321 hjsg.py[line:71] [pock520:148] INFO ç¬¬1å¤©å·²ç»å®Œæˆç­¾åˆ°
2024-11-19 15:46:09,321 hjsg.py[line:71] [pock520:148] INFO æ–°æ˜¥ç¥ç¦
2024-11-19 15:46:09,374 hjsg.py[line:77] [pock520:148] ERROR ç‰å…”è¿æ˜¥ç­¾åˆ°å¼‚å¸¸Traceback (most recent call last):
  File "D:\pytest\hjsg\huodong\meirihuodong.py", line 119, in action_auto_jaderabbit_receivespringt
    self.auto_receive_blessing_reward()
  File "D:\pytest\hjsg\huodong\meirihuodong.py", line 108, in auto_receive_blessing_reward
    common_blessing_word = random.choices(reward_list)
AttributeError: 'module' object has no attribute 'choices'

2024-11-19 15:46:47,740 hjsg.py[line:71] [pock520:148] INFO ç‰å…”è¿æ˜¥
2024-11-19 15:46:47,799 hjsg.py[line:71] [pock520:148] INFO ç¬¬1å¤©å·²ç»å®Œæˆç­¾åˆ°
2024-11-19 15:46:47,799 hjsg.py[line:71] [pock520:148] INFO æ–°æ˜¥ç¥ç¦
2024-11-19 15:46:47,901 hjsg.py[line:77] [pock520:148] ERROR æ‚¨å¿…é¡»è¾¾åˆ°ç­‰çº§150çº§æ‰èƒ½åœ¨ä¸–ç•Œé¢‘é“å‘è¨€ï¼
2024-11-19 15:54:04,710 hjsg.py[line:71] [zhaofei3:148] INFO ç‰å…”è¿æ˜¥
2024-11-19 15:54:04,719 hjsg.py[line:71] [pock520:145] INFO ç‰å…”è¿æ˜¥
2024-11-19 15:54:04,770 hjsg.py[line:71] [zhaofei3:148] INFO ç¬¬1å¤©å·²ç»å®Œæˆç­¾åˆ°
2024-11-19 15:54:04,772 hjsg.py[line:71] [zhaofei3:148] INFO æ–°æ˜¥ç¥ç¦
2024-11-19 15:54:04,783 hjsg.py[line:71] [pock520:148] INFO ç‰å…”è¿æ˜¥
2024-11-19 15:54:04,783 hjsg.py[line:71] [pock520:147] INFO ç‰å…”è¿æ˜¥
2024-11-19 15:54:04,792 hjsg.py[line:71] [pock520:145] INFO ç¬¬1å¤©å·²ç»å®Œæˆç­¾åˆ°
2024-11-19 15:54:04,796 hjsg.py[line:71] [pock520:146] INFO ç‰å…”è¿æ˜¥
2024-11-19 15:54:04,796 hjsg.py[line:71] [pock520:145] INFO æ–°æ˜¥ç¥ç¦
2024-11-19 15:54:04,901 hjsg.py[line:77] [zhaofei3:148] ERROR æ‚¨å¿…é¡»è¾¾åˆ°ç­‰çº§150çº§æ‰èƒ½åœ¨ä¸–ç•Œé¢‘é“å‘è¨€ï¼
2024-11-19 15:54:04,903 hjsg.py[line:71] [pock520:146] INFO ç¬¬1å¤©å·²ç»å®Œæˆç­¾åˆ°
2024-11-19 15:54:04,904 hjsg.py[line:71] [pock520:148] INFO ç¬¬1å¤©å·²ç»å®Œæˆç­¾åˆ°
2024-11-19 15:54:04,904 hjsg.py[line:71] [pock520:147] INFO ç¬¬1å¤©å·²ç»å®Œæˆç­¾åˆ°
2024-11-19 15:54:04,907 hjsg.py[line:71] [pock520:146] INFO æ–°æ˜¥ç¥ç¦
2024-11-19 15:54:04,908 hjsg.py[line:71] [pock520:147] INFO æ–°æ˜¥ç¥ç¦
2024-11-19 15:54:04,908 hjsg.py[line:71] [pock520:148] INFO æ–°æ˜¥ç¥ç¦
2024-11-19 15:54:05,051 hjsg.py[line:71] [pock520:145] INFO èŠå¤©æ¶ˆæ¯å‘é€æˆåŠŸ:æ‚å°†ä¸‰å›½
2024-11-19 15:54:05,098 hjsg.py[line:77] [pock520:147] ERROR æ‚¨å¿…é¡»è¾¾åˆ°ç­‰çº§150çº§æ‰èƒ½åœ¨ä¸–ç•Œé¢‘é“å‘è¨€ï¼
2024-11-19 15:54:05,148 hjsg.py[line:71] [pock520:146] INFO èŠå¤©æ¶ˆæ¯å‘é€æˆåŠŸ:æ‚å°†ä¸‰å›½
2024-11-19 15:54:05,148 hjsg.py[line:71] [pock520:145] INFO æ–°æ˜¥ç¥ç¦é¢†å–æˆåŠŸ
2024-11-19 15:54:05,232 hjsg.py[line:71] [pock520:146] INFO æ–°æ˜¥ç¥ç¦é¢†å–æˆåŠŸ
2024-11-19 15:54:05,710 hjsg.py[line:71] [zhaofei3:146] INFO ç‰å…”è¿æ˜¥
2024-11-19 15:54:05,773 hjsg.py[line:71] [zhaofei3:146] INFO ç¬¬1å¤©å·²ç»å®Œæˆç­¾åˆ°
2024-11-19 15:54:05,773 hjsg.py[line:71] [zhaofei3:146] INFO æ–°æ˜¥ç¥ç¦
2024-11-19 15:54:05,792 hjsg.py[line:71] [zhaofei3:147] INFO ç‰å…”è¿æ˜¥
˜¥
2024-11-19 15:54:05,802 hjsg.py[line:71] [zhaofei3:149] INFO ç‰å…”è¿æ˜¥
2024-11-19 15:54:05,880 hjsg.py[line:71] [zhaofei3:147] INFO ç¬¬1å¤©å·²ç»å®Œæˆç­¾åˆ°
2024-11-19 15:54:05,880 hjsg.py[line:71] [zhaofei3:147] INFO æ–°æ˜¥ç¥ç¦
2024-11-19 15:54:05,882 hjsg.py[line:71] [xingyue123a:145] INFO ç¬¬1å¤©å·²ç»å®Œæˆç­¾åˆ°
2024-11-19 15:54:05,884 hjsg.py[line:71] [xingyue123a:145] INFO æ–°æ˜¥ç¥ç¦
2024-11-19 15:54:05,898 hjsg.py[line:71] [zhaofei3:149] INFO ç¬¬1å¤©å·²ç»å®Œæˆç­¾åˆ°
2024-11-19 15:54:05,900 hjsg.py[line:71] [zhaofei3:149] INFO æ–°æ˜¥ç¥ç¦
2024-11-19 15:54:05,947 hjsg.py[line:71] [zhaofei3:146] INFO èŠå¤©æ¶ˆæ¯å‘é€æˆåŠŸ:é˜–å®¶æ¬¢ä¹
2024-11-19 15:54:05,977 hjsg.py[line:71] [zhaofei3:145] INFO ç‰å…”è¿æ˜¥
2024-11-19 15:54:06,039 hjsg.py[line:71] [zhaofei3:146] INFO æ–°æ˜¥ç¥ç¦é¢†å–æˆåŠŸ
2024-11-19 15:54:06,061 hjsg.py[line:71] [zhaofei3:145] INFO ç¬¬1å¤©å·²ç»å®Œæˆç­¾åˆ°
2024-11-19 15:54:06,062 hjsg.py[line:71] [zhaofei3:145] INFO æ–°æ˜¥ç¥ç¦
2024-11-19 15:54:06,124 hjsg.py[line:71] [zhaofei3:149] INFO èŠå¤©æ¶ˆæ¯å‘é€æˆåŠŸ:æ–°å¹´å¿«ä¹
2024-11-19 15:54:06,150 hjsg.py[line:71] [zhaofei3:147] INFO èŠå¤©æ¶ˆæ¯å‘é€æˆåŠŸ:é˜–å®¶æ¬¢ä¹
2024-11-19 15:54:06,150 hjsg.py[line:71] [xingyue123a:145] INFO èŠå¤©æ¶ˆæ¯å‘é€æˆåŠŸ:æ­å–œå‘è´¢
2024-11-19 15:54:06,213 hjsg.py[line:71] [zhaofei3:149] INFO æ–°æ˜¥ç¥ç¦é¢†å–æˆåŠŸ
2024-11-19 15:54:06,275 hjsg.py[line:71] [zhaofei3:147] INFO æ–°æ˜¥ç¥ç¦é¢†å–æˆåŠŸ
ŠŸ
2024-11-19 15:54:06,289 hjsg.py[line:71] [zhaofei3:145] INFO èŠå¤©æ¶ˆæ¯å‘é€æˆåŠŸ:é˜–å®¶æ¬¢ä¹
2024-11-19 15:54:06,372 hjsg.py[line:71] [zhaofei3:145] INFO æ–°æ˜¥ç¥ç¦é¢†å–æˆåŠŸ
2024-11-19 15:54:06,878 hjsg.py[line:71] [gmhy001:146] INFO ç‰å…”è¿æ˜¥
2024-11-19 15:54:06,882 hjsg.py[line:71] [xingyue123a:146] INFO ç‰å…”è¿æ˜¥
2024-11-19 15:54:06,904 hjsg.py[line:71] [xingyue123a:149] INFO ç‰å…”è¿æ˜¥
2024-11-19 15:54:06,910 hjsg.py[line:71] [xingyue123a:147] INFO ç‰å…”è¿æ˜¥
2024-11-19 15:54:06,937 hjsg.py[line:71] [gmhy001:146] INFO ç¬¬1å¤©å·²ç»å®Œæˆç­¾åˆ°
2024-11-19 15:54:06,937 hjsg.py[line:71] [gmhy001:146] INFO æ–°æ˜¥ç¥ç¦
2024-11-19 15:54:06,943 hjsg.py[line:71] [xingyue123a:146] INFO ç¬¬1å¤©å·²ç»å®Œæˆç­¾åˆ°
2024-11-19 15:54:06,943 hjsg.py[line:71] [xingyue123a:146] INFO æ–°æ˜¥ç¥ç¦
2024-11-19 15:54:06,966 hjsg.py[line:71] [xingyue123a:147] INFO ç¬¬1å¤©å·²ç»å®Œæˆç­¾åˆ°
2024-11-19 15:54:06,966 hjsg.py[line:71] [xingyue123a:147] INFO æ–°æ˜¥ç¥ç¦
2024-11-19 15:54:06,971 hjsg.py[line:71] [xingyue123a:149] INFO ç¬¬1å¤©å·²ç»å®Œæˆç­¾åˆ°
2024-11-19 15:54:06,971 hjsg.py[line:71] [xingyue123a:149] INFO æ–°æ˜¥ç¥ç¦
2024-11-19 15:54:07,039 hjsg.py[line:71] [gmhy001:145] INFO ç‰å…”è¿æ˜¥
2024-11-19 15:54:07,065 hjsg.py[line:77] [xingyue123a:146] ERROR æ‚¨å¿…é¡»è¾¾åˆ°ç­‰çº§150çº§æ‰èƒ½åœ¨ä¸–ç•Œé¢‘é“å‘è¨€ï¼
2024-11-19 15:54:07,069 hjsg.py[line:77] [gmhy001:146] ERROR æ‚¨å¿…é¡»è¾¾åˆ°ç­‰çº§150çº§æ‰èƒ½åœ¨ä¸–ç•Œé¢‘é“å‘è¨€ï¼
2024-11-19 15:54:07,078 hjsg.py[line:77] [xingyue123a:149] ERROR æ‚¨å¿…é¡»è¾¾åˆ°ç­‰çº§150çº§æ‰èƒ½åœ¨ä¸–ç•Œé¢‘é“å‘è¨€ï¼
2024-11-19 15:54:07,125 hjsg.py[line:71] [gmhy001:145] INFO ç¬¬1å¤©å·²ç»å®Œæˆç­¾åˆ°
2024-11-19 15:54:07,125 hjsg.py[line:71] [gmhy001:145] INFO æ–°æ˜¥ç¥ç¦
2024-11-19 15:54:07,153 hjsg.py[line:71] [xingyue123a:147] INFO èŠå¤©æ¶ˆæ¯å‘é€æˆåŠŸ:æ–°å¹´å¿«ä¹
2024-11-19 15:54:07,233 hjsg.py[line:77] [gmhy001:145] ERROR æ‚¨å¿…é¡»è¾¾åˆ°ç­‰çº§150çº§æ‰èƒ½åœ¨ä¸–ç•Œé¢‘é“å‘è¨€ï¼
2024-11-19 15:54:07,265 hjsg.py[line:71] [xingyue123a:147] INFO æ–°æ˜¥ç¥ç¦é¢†å–æˆåŠŸ
2024-11-19 15:54:07,703 hjsg.py[line:71] [gmhy001:149] INFO ç‰å…”è¿æ˜¥
2024-11-19 15:54:07,721 hjsg.py[line:71] [gmhy001:148] INFO ç‰å…”è¿æ˜¥
2024-11-19 15:54:07,776 hjsg.py[line:71] [gmhy001:149] INFO ç¬¬1å¤©å·²ç»å®Œæˆç­¾åˆ°
2024-11-19 15:54:07,776 hjsg.py[line:71] [gmhy001:149] INFO æ–°æ˜¥ç¥ç¦
2024-11-19 15:54:07,780 hjsg.py[line:71] [gmhy001:148] INFO ç¬¬1å¤©å·²ç»å®Œæˆç­¾åˆ°
2024-11-19 15:54:07,782 hjsg.py[line:71] [gmhy001:148] INFO æ–°æ˜¥ç¥ç¦
2024-11-19 15:54:07,783 hjsg.py[line:71] [gmhy001:147] INFO ç¬¬1å¤©å·²ç»å®Œæˆç­¾åˆ°
2024-11-19 15:54:07,786 hjsg.py[line:71] [gmhy001:147] INFO æ–°æ˜¥ç¥ç¦
2024-11-19 15:54:07,930 hjsg.py[line:77] [gmhy001:148] ERROR æ‚¨å¿…é¡»è¾¾åˆ°ç­‰çº§150çº§æ‰èƒ½åœ¨ä¸–ç•Œé¢‘é“å‘è¨€ï¼
2024-11-19 15:54:07,999 hjsg.py[line:71] [gmhy001:147] INFO èŠå¤©æ¶ˆæ¯å‘é€æˆåŠŸ:æ‚å°†ä¸‰å›½
2024-11-19 15:54:08,084 hjsg.py[line:71] [gmhy001:147] INFO æ–°æ˜¥ç¥ç¦é¢†å–æˆåŠŸ
